This is pdfTeX, Version 3.1415926-2.3-1.40.12 (MiKTeX 2.9) (preloaded format=pdflatex 2012.10.26)  12 DEC 2012 22:41
entering extended mode
**RASD.tex
(C:\Users\Gabri\workspace\SWIMv2\resources\RASD\RASD.tex
LaTeX2e <2011/06/27>
Babel <v3.8m> and hyphenation patterns for english, afrikaans, ancientgreek, ar
abic, armenian, assamese, basque, bengali, bokmal, bulgarian, catalan, coptic, 
croatian, czech, danish, dutch, esperanto, estonian, farsi, finnish, french, ga
lician, german, german-x-2009-06-19, greek, gujarati, hindi, hungarian, iceland
ic, indonesian, interlingua, irish, italian, kannada, kurmanji, lao, latin, lat
vian, lithuanian, malayalam, marathi, mongolian, mongolianlmc, monogreek, ngerm
an, ngerman-x-2009-06-19, nynorsk, oriya, panjabi, pinyin, polish, portuguese, 
romanian, russian, sanskrit, serbian, slovak, slovenian, spanish, swedish, swis
sgerman, tamil, telugu, turkish, turkmen, ukenglish, ukrainian, uppersorbian, u
senglishmax, welsh, loaded.
("C:\Program Files\MiKTeX 2.9\tex\latex\base\article.cls"
Document Class: article 2007/10/19 v1.4h Standard LaTeX document class
("C:\Program Files\MiKTeX 2.9\tex\latex\base\size12.clo"
File: size12.clo 2007/10/19 v1.4h Standard LaTeX file (size option)
)
\c@part=\count79
\c@section=\count80
\c@subsection=\count81
\c@subsubsection=\count82
\c@paragraph=\count83
\c@subparagraph=\count84
\c@figure=\count85
\c@table=\count86
\abovecaptionskip=\skip41
\belowcaptionskip=\skip42
\bibindent=\dimen102
)
("C:\Program Files\MiKTeX 2.9\tex\latex\koma-script\scrextend.sty"
Package: scrextend 2012/05/15 v3.11 KOMA-Script KOMA-Script package (extend oth
er classes with features of KOMA-Script classes)

("C:\Program Files\MiKTeX 2.9\tex\latex\koma-script\scrkbase.sty"
Package: scrkbase 2012/05/15 v3.11 KOMA-Script package (KOMA-Script-dependent b
asics and keyval usage)

("C:\Program Files\MiKTeX 2.9\tex\latex\koma-script\scrbase.sty"
Package: scrbase 2012/05/15 v3.11 KOMA-Script package (KOMA-Script-independent 
basics and keyval usage)

("C:\Program Files\MiKTeX 2.9\tex\latex\graphics\keyval.sty"
Package: keyval 1999/03/16 v1.13 key=value parser (DPC)
\KV@toks@=\toks14
)
("C:\Program Files\MiKTeX 2.9\tex\latex\koma-script\scrlfile.sty"
Package: scrlfile 2011/03/09 v3.09 KOMA-Script package (loading files)

Package scrlfile, 2011/03/09 v3.09 KOMA-Script package (loading files)
                  Copyright (C) Markus Kohm

))))

Package scrextend Warning: Using fallback calculation to setup font sizes
(scrextend)                for basic size `14pt' on input line 5.

("C:\Program Files\MiKTeX 2.9\tex\latex\base\fontenc.sty"
Package: fontenc 2005/09/27 v1.99g Standard LaTeX package

("C:\Program Files\MiKTeX 2.9\tex\latex\base\t1enc.def"
File: t1enc.def 2005/09/27 v1.99g Standard LaTeX file
LaTeX Font Info:    Redeclaring font encoding T1 on input line 43.
))
("C:\Program Files\MiKTeX 2.9\tex\latex\lm\lmodern.sty"
Package: lmodern 2009/10/30 v1.6 Latin Modern Fonts
LaTeX Font Info:    Overwriting symbol font `operators' in version `normal'
(Font)                  OT1/cmr/m/n --> OT1/lmr/m/n on input line 22.
LaTeX Font Info:    Overwriting symbol font `letters' in version `normal'
(Font)                  OML/cmm/m/it --> OML/lmm/m/it on input line 23.
LaTeX Font Info:    Overwriting symbol font `symbols' in version `normal'
(Font)                  OMS/cmsy/m/n --> OMS/lmsy/m/n on input line 24.
LaTeX Font Info:    Overwriting symbol font `largesymbols' in version `normal'
(Font)                  OMX/cmex/m/n --> OMX/lmex/m/n on input line 25.
LaTeX Font Info:    Overwriting symbol font `operators' in version `bold'
(Font)                  OT1/cmr/bx/n --> OT1/lmr/bx/n on input line 26.
LaTeX Font Info:    Overwriting symbol font `letters' in version `bold'
(Font)                  OML/cmm/b/it --> OML/lmm/b/it on input line 27.
LaTeX Font Info:    Overwriting symbol font `symbols' in version `bold'
(Font)                  OMS/cmsy/b/n --> OMS/lmsy/b/n on input line 28.
LaTeX Font Info:    Overwriting symbol font `largesymbols' in version `bold'
(Font)                  OMX/cmex/m/n --> OMX/lmex/m/n on input line 29.
LaTeX Font Info:    Overwriting math alphabet `\mathbf' in version `normal'
(Font)                  OT1/cmr/bx/n --> OT1/lmr/bx/n on input line 31.
LaTeX Font Info:    Overwriting math alphabet `\mathsf' in version `normal'
(Font)                  OT1/cmss/m/n --> OT1/lmss/m/n on input line 32.
LaTeX Font Info:    Overwriting math alphabet `\mathit' in version `normal'
(Font)                  OT1/cmr/m/it --> OT1/lmr/m/it on input line 33.
LaTeX Font Info:    Overwriting math alphabet `\mathtt' in version `normal'
(Font)                  OT1/cmtt/m/n --> OT1/lmtt/m/n on input line 34.
LaTeX Font Info:    Overwriting math alphabet `\mathbf' in version `bold'
(Font)                  OT1/cmr/bx/n --> OT1/lmr/bx/n on input line 35.
LaTeX Font Info:    Overwriting math alphabet `\mathsf' in version `bold'
(Font)                  OT1/cmss/bx/n --> OT1/lmss/bx/n on input line 36.
LaTeX Font Info:    Overwriting math alphabet `\mathit' in version `bold'
(Font)                  OT1/cmr/bx/it --> OT1/lmr/bx/it on input line 37.
LaTeX Font Info:    Overwriting math alphabet `\mathtt' in version `bold'
(Font)                  OT1/cmtt/m/n --> OT1/lmtt/m/n on input line 38.
)
("C:\Program Files\MiKTeX 2.9\tex\latex\base\inputenc.sty"
Package: inputenc 2008/03/30 v1.1d Input encoding file
\inpenc@prehook=\toks15
\inpenc@posthook=\toks16

("C:\Program Files\MiKTeX 2.9\tex\latex\ucs\utf8x.def"
File: utf8x.def 2004/10/17 UCS: Input encoding UTF-8
))
("C:\Program Files\MiKTeX 2.9\tex\latex\ucs\ucs.sty"
Package: ucs 2004/10/17 UCS: Unicode input support

("C:\Program Files\MiKTeX 2.9\tex\latex\ucs\data\uni-global.def"
File: uni-global.def 2012/04/20 UCS: Unicode global data
)
\uc@secondtry=\count87
\uc@combtoks=\toks17
\uc@combtoksb=\toks18
\uc@temptokena=\toks19
)
("C:\Program Files\MiKTeX 2.9\tex\latex\graphics\graphicx.sty"
Package: graphicx 1999/02/16 v1.0f Enhanced LaTeX Graphics (DPC,SPQR)

("C:\Program Files\MiKTeX 2.9\tex\latex\graphics\graphics.sty"
Package: graphics 2009/02/05 v1.0o Standard LaTeX Graphics (DPC,SPQR)

("C:\Program Files\MiKTeX 2.9\tex\latex\graphics\trig.sty"
Package: trig 1999/03/16 v1.09 sin cos tan (DPC)
)
("C:\Program Files\MiKTeX 2.9\tex\latex\00miktex\graphics.cfg"
File: graphics.cfg 2007/01/18 v1.5 graphics configuration of teTeX/TeXLive
)
Package graphics Info: Driver file: pdftex.def on input line 91.

("C:\Program Files\MiKTeX 2.9\tex\latex\pdftex-def\pdftex.def"
File: pdftex.def 2011/05/27 v0.06d Graphics/color for pdfTeX

("C:\Program Files\MiKTeX 2.9\tex\generic\oberdiek\infwarerr.sty"
Package: infwarerr 2010/04/08 v1.3 Providing info/warning/error messages (HO)
)
("C:\Program Files\MiKTeX 2.9\tex\generic\oberdiek\ltxcmds.sty"
Package: ltxcmds 2011/11/09 v1.22 LaTeX kernel commands for general use (HO)
)
\Gread@gobject=\count88
))
\Gin@req@height=\dimen103
\Gin@req@width=\dimen104
)
("C:\Program Files\MiKTeX 2.9\tex\latex\tools\tabularx.sty"
Package: tabularx 1999/01/07 v2.07 `tabularx' package (DPC)

("C:\Program Files\MiKTeX 2.9\tex\latex\tools\array.sty"
Package: array 2008/09/09 v2.4c Tabular extension package (FMi)
\col@sep=\dimen105
\extrarowheight=\dimen106
\NC@list=\toks20
\extratabsurround=\skip43
\backup@length=\skip44
)
\TX@col@width=\dimen107
\TX@old@table=\dimen108
\TX@old@col=\dimen109
\TX@target=\dimen110
\TX@delta=\dimen111
\TX@cols=\count89
\TX@ftn=\toks21
)
("C:\Program Files\MiKTeX 2.9\tex\latex\multirow\multirow.sty"
\bigstrutjot=\dimen112
)
("C:\Program Files\MiKTeX 2.9\tex\latex\booktabs\booktabs.sty"
Package: booktabs 2005/04/14 v1.61803 publication quality tables
\heavyrulewidth=\dimen113
\lightrulewidth=\dimen114
\cmidrulewidth=\dimen115
\belowrulesep=\dimen116
\belowbottomsep=\dimen117
\aboverulesep=\dimen118
\abovetopsep=\dimen119
\cmidrulesep=\dimen120
\cmidrulekern=\dimen121
\defaultaddspace=\dimen122
\@cmidla=\count90
\@cmidlb=\count91
\@aboverulesep=\dimen123
\@belowrulesep=\dimen124
\@thisruleclass=\count92
\@lastruleclass=\count93
\@thisrulewidth=\dimen125
)
("C:\Program Files\MiKTeX 2.9\tex\latex\colortbl\colortbl.sty"
Package: colortbl 2001/02/13 v0.1j Color table columns (DPC)

("C:\Program Files\MiKTeX 2.9\tex\latex\graphics\color.sty"
Package: color 2005/11/14 v1.0j Standard LaTeX Color (DPC)

("C:\Program Files\MiKTeX 2.9\tex\latex\00miktex\color.cfg"
File: color.cfg 2007/01/18 v1.5 color configuration of teTeX/TeXLive
)
Package color Info: Driver file: pdftex.def on input line 130.
)
\everycr=\toks22
\minrowclearance=\skip45
)
("C:\Program Files\MiKTeX 2.9\tex\generic\babel\babel.sty"
Package: babel 2008/07/08 v3.8m The Babel package

*************************************
* Local config file bblopts.cfg used
*
("C:\Program Files\MiKTeX 2.9\tex\latex\00miktex\bblopts.cfg"
File: bblopts.cfg 2006/07/31 v1.0 MiKTeX 'babel' configuration
)
("C:\Program Files\MiKTeX 2.9\tex\generic\babel\italian.ldf"
Language: italian 2008/03/14 v1.2t Italian support from the babel system

("C:\Program Files\MiKTeX 2.9\tex\generic\babel\babel.def"
File: babel.def 2008/07/08 v3.8m Babel common definitions
\babel@savecnt=\count94
\U@D=\dimen126
)
Package babel Info: Making " an active character on input line 94.
))
("C:\Program Files\MiKTeX 2.9\tex\latex\geometry\geometry.sty"
Package: geometry 2010/09/12 v5.6 Page Geometry

("C:\Program Files\MiKTeX 2.9\tex\generic\oberdiek\ifpdf.sty"
Package: ifpdf 2011/01/30 v2.3 Provides the ifpdf switch (HO)
Package ifpdf Info: pdfTeX in PDF mode is detected.
)
("C:\Program Files\MiKTeX 2.9\tex\generic\oberdiek\ifvtex.sty"
Package: ifvtex 2010/03/01 v1.5 Detect VTeX and its facilities (HO)
Package ifvtex Info: VTeX not detected.
)
("C:\Program Files\MiKTeX 2.9\tex\generic\ifxetex\ifxetex.sty"
Package: ifxetex 2010/09/12 v0.6 Provides ifxetex conditional
)
\Gm@cnth=\count95
\Gm@cntv=\count96
\c@Gm@tempcnt=\count97
\Gm@bindingoffset=\dimen127
\Gm@wd@mp=\dimen128
\Gm@odd@mp=\dimen129
\Gm@even@mp=\dimen130
\Gm@layoutwidth=\dimen131
\Gm@layoutheight=\dimen132
\Gm@layouthoffset=\dimen133
\Gm@layoutvoffset=\dimen134
\Gm@dimlist=\toks23

("C:\Program Files\MiKTeX 2.9\tex\latex\geometry\geometry.cfg"))
("C:\Program Files\MiKTeX 2.9\tex\latex\fancyhdr\fancyhdr.sty"
\fancy@headwidth=\skip46
\f@ncyO@elh=\skip47
\f@ncyO@erh=\skip48
\f@ncyO@olh=\skip49
\f@ncyO@orh=\skip50
\f@ncyO@elf=\skip51
\f@ncyO@erf=\skip52
\f@ncyO@olf=\skip53
\f@ncyO@orf=\skip54
)
("C:\Program Files\MiKTeX 2.9\tex\latex\titlesec\titlesec.sty"
Package: titlesec 2011/12/15 v2.10.0 Sectioning titles
\ttl@box=\box26
\beforetitleunit=\skip55
\aftertitleunit=\skip56
\ttl@plus=\dimen135
\ttl@minus=\dimen136
\ttl@toksa=\toks24
\titlewidth=\dimen137
\titlewidthlast=\dimen138
\titlewidthfirst=\dimen139
)
(C:\Users\Gabri\workspace\SWIMv2\resources\RASD\RASD.aux)
LaTeX Font Info:    Checking defaults for OML/cmm/m/it on input line 46.
LaTeX Font Info:    ... okay on input line 46.
LaTeX Font Info:    Checking defaults for T1/cmr/m/n on input line 46.
LaTeX Font Info:    ... okay on input line 46.
LaTeX Font Info:    Checking defaults for OT1/cmr/m/n on input line 46.
LaTeX Font Info:    ... okay on input line 46.
LaTeX Font Info:    Checking defaults for OMS/cmsy/m/n on input line 46.
LaTeX Font Info:    ... okay on input line 46.
LaTeX Font Info:    Checking defaults for OMX/cmex/m/n on input line 46.
LaTeX Font Info:    ... okay on input line 46.
LaTeX Font Info:    Checking defaults for U/cmr/m/n on input line 46.
LaTeX Font Info:    ... okay on input line 46.
LaTeX Font Info:    Try loading font information for T1+lmss on input line 46.

("C:\Program Files\MiKTeX 2.9\tex\latex\lm\t1lmss.fd"
File: t1lmss.fd 2009/10/30 v1.6 Font defs for Latin Modern
)
("C:\Program Files\MiKTeX 2.9\tex\latex\ucs\ucsencs.def"
File: ucsencs.def 2011/01/21 Fixes to fontencodings LGR, T3
)
("C:\Program Files\MiKTeX 2.9\tex\context\base\supp-pdf.mkii"
[Loading MPS to PDF converter (version 2006.09.02).]
\scratchcounter=\count98
\scratchdimen=\dimen140
\scratchbox=\box27
\nofMPsegments=\count99
\nofMParguments=\count100
\everyMPshowfont=\toks25
\MPscratchCnt=\count101
\MPscratchDim=\dimen141
\MPnumerator=\count102
\makeMPintoPDFobject=\count103
\everyMPtoPDFconversion=\toks26
)
*geometry* driver: auto-detecting
*geometry* detected driver: pdftex
*geometry* verbose mode - [ preamble ] result:
* driver: pdftex
* paper: a4paper
* layout: <same size as paper>
* layoutoffset:(h,v)=(0.0pt,0.0pt)
* modes: 
* h-part:(L,W,R)=(56.9055pt, 483.69687pt, 56.9055pt)
* v-part:(T,H,B)=(56.9055pt, 731.23584pt, 56.9055pt)
* \paperwidth=597.50787pt
* \paperheight=845.04684pt
* \textwidth=483.69687pt
* \textheight=731.23584pt
* \oddsidemargin=-15.36449pt
* \evensidemargin=-15.36449pt
* \topmargin=-52.36449pt
* \headheight=12.0pt
* \headsep=25.0pt
* \topskip=12.0pt
* \footskip=30.0pt
* \marginparwidth=35.0pt
* \marginparsep=10.0pt
* \columnsep=10.0pt
* \skip\footins=12.59991pt plus 4.66617pt minus 8.40009pt
* \hoffset=0.0pt
* \voffset=0.0pt
* \mag=1000
* \@twocolumnfalse
* \@twosidefalse
* \@mparswitchfalse
* \@reversemarginfalse
* (1in=72.27pt=25.4mm, 1cm=28.453pt)

<polimi.png, id=1, 722.7pt x 722.7pt>
File: polimi.png Graphic file (type png)
 <use polimi.png>
Package pdftex.def Info: polimi.png used on input line 50.
(pdftex.def)             Requested size: 289.07487pt x 289.07487pt.


Package Fancyhdr Warning: \headheight is too small (12.0pt): 
 Make it at least 14.49998pt.
 We now make it that large for the rest of the document.
 This may cause the page layout to be inconsistent, however.

LaTeX Font Info:    Try loading font information for T1+lmr on input line 64.
("C:\Program Files\MiKTeX 2.9\tex\latex\lm\t1lmr.fd"
File: t1lmr.fd 2009/10/30 v1.6 Font defs for Latin Modern
) [1{C:/ProgramData/MiKTeX/2.9/pdftex/config/pdftex.map}

 <C:/Users/Gabri/workspace/SWIMv2/resources/RASD/polimi.png>] (C:\Users\Gabri\w
orkspace\SWIMv2\resources\RASD\RASD.toc
LaTeX Font Info:    Calculating math sizes for size <14> on input line 4.
LaTeX Font Info:    Try loading font information for OT1+lmr on input line 4.

("C:\Program Files\MiKTeX 2.9\tex\latex\lm\ot1lmr.fd"
File: ot1lmr.fd 2009/10/30 v1.6 Font defs for Latin Modern
)
LaTeX Font Info:    Try loading font information for OML+lmm on input line 4.

("C:\Program Files\MiKTeX 2.9\tex\latex\lm\omllmm.fd"
File: omllmm.fd 2009/10/30 v1.6 Font defs for Latin Modern
)
LaTeX Font Info:    Try loading font information for OMS+lmsy on input line 4.

("C:\Program Files\MiKTeX 2.9\tex\latex\lm\omslmsy.fd"
File: omslmsy.fd 2009/10/30 v1.6 Font defs for Latin Modern
)
LaTeX Font Info:    Try loading font information for OMX+lmex on input line 4.

("C:\Program Files\MiKTeX 2.9\tex\latex\lm\omxlmex.fd"
File: omxlmex.fd 2009/10/30 v1.6 Font defs for Latin Modern
)
LaTeX Font Info:    External font `lmex10' loaded for size
(Font)              <14> on input line 4.
LaTeX Font Info:    External font `lmex10' loaded for size
(Font)              <9.79996> on input line 4.
LaTeX Font Info:    External font `lmex10' loaded for size
(Font)              <7> on input line 4.
)
\tf@toc=\write3
 [2

]
("C:\Program Files\MiKTeX 2.9\tex\latex\ucs\data\uni-32.def"
File: uni-32.def 2012/04/20 UCS: Unicode data U+2000..U+20FF
)
("C:\Program Files\MiKTeX 2.9\tex\latex\ucs\data\uni-0.def"
File: uni-0.def 2012/04/20 UCS: Unicode data U+0000..U+00FF
)
Underfull \hbox (badness 10000) in paragraph at lines 73--78

 []


Underfull \hbox (badness 10000) in paragraph at lines 73--78

 []


Underfull \hbox (badness 10000) in paragraph at lines 73--78

 []


Underfull \hbox (badness 10000) in paragraph at lines 73--78

 []

[3

]
LaTeX Font Info:    Font shape `T1/lmss/bx/it' in size <16.79996> not available

(Font)              Font shape `T1/lmss/bx/sl' tried instead on input line 82.
LaTeX Font Info:    Try loading font information for OMS+lmss on input line 86.

LaTeX Font Info:    No file OMSlmss.fd. on input line 86.


LaTeX Font Warning: Font shape `OMS/lmss/m/n' undefined
(Font)              using `OMS/cmsy/m/n' instead
(Font)              for symbol `textbullet' on input line 86.

LaTeX Font Info:    Font shape `T1/lmss/m/it' in size <14> not available
(Font)              Font shape `T1/lmss/m/sl' tried instead on input line 88.
[4

] [5

] [6

] [7

] [8

] [9] [10

] [11]
Underfull \hbox (badness 1205) in paragraph at lines 262--262
[]\T1/lmss/m/n/14 Il si-ste-ma in-se-ri-sce nel da-ta-ba-se i da-ti del neo-
 []

[12] [13] [14

]
Underfull \hbox (badness 1231) in paragraph at lines 338--338
[]\T1/lmss/m/n/14 L'ospite riem-pie al-me-no uno dei se-guen-ti cam-pi:
 []


Underfull \hbox (badness 5345) in paragraph at lines 338--338
[]\T1/lmss/m/n/14 Il si-ste-ma mo-stra una fi-ne-stra con una li-sta
 []

[15

]
Underfull \hbox (badness 2564) in paragraph at lines 355--355
[]|\T1/lmss/m/n/14 Il mes-sag-gio Ë in-via-to cor-ret-ta-men-te e sul-la pa-gi-
na
 []

[16

]
Underfull \hbox (badness 3954) in paragraph at lines 401--401
[]\T1/lmss/m/n/14 L'utente A clic-ca sul pul-san-te Dai feed-back
 []


Underfull \hbox (badness 2573) in paragraph at lines 418--418
\T1/lmss/m/n/14 cel-la-zio-ne e rein-di-riz-za al-la pa-gi-na prin-ci-pa-le di
 []

[17

] <sDiagrams/creazioneUtente.jpg, id=65, 622.325pt x 562.1pt>
File: sDiagrams/creazioneUtente.jpg Graphic file (type jpg)

<use sDiagrams/creazioneUtente.jpg>
Package pdftex.def Info: sDiagrams/creazioneUtente.jpg used on input line 423.
(pdftex.def)             Requested size: 466.7426pt x 421.57397pt.


! LaTeX Error: \caption outside float.

See the LaTeX manual or LaTeX Companion for explanation.
Type  H <return>  for immediate help.
 ...                                              
                                                  
l.424 \caption
              {Creazione di un utente}
You're in trouble here.  Try typing  <return>  to proceed.
If that doesn't work, type  X <return>  to quit.

<sDiagrams/accettazioneAmicizia.jpg, id=66, 652.4375pt x 271.0125pt>
File: sDiagrams/accettazioneAmicizia.jpg Graphic file (type jpg)

<use sDiagrams/accettazioneAmicizia.jpg>
Package pdftex.def Info: sDiagrams/accettazioneAmicizia.jpg used on input line 
426.
(pdftex.def)             Requested size: 489.32692pt x 203.25887pt.

Overfull \hbox (5.63005pt too wide) in paragraph at lines 423--426
 [] 
 []


! LaTeX Error: \caption outside float.

See the LaTeX manual or LaTeX Companion for explanation.
Type  H <return>  for immediate help.
 ...                                              
                                                  
l.427 \caption
              {Accettazione di una richiesta di amicizia} \\
You're in trouble here.  Try typing  <return>  to proceed.
If that doesn't work, type  X <return>  to quit.

[18

 <C:/Users/Gabri/workspace/SWIMv2/resources/RASD/sDiagrams/creazioneUtente.jpg>
 <C:/Users/Gabri/workspace/SWIMv2/resources/RASD/sDiagrams/accettazioneAmicizia
.jpg>] <sDiagrams/login.jpg, id=70, 622.325pt x 451.6875pt>
File: sDiagrams/login.jpg Graphic file (type jpg)

<use sDiagrams/login.jpg>
Package pdftex.def Info: sDiagrams/login.jpg used on input line 429.
(pdftex.def)             Requested size: 466.7426pt x 338.76479pt.


! LaTeX Error: \caption outside float.

See the LaTeX manual or LaTeX Companion for explanation.
Type  H <return>  for immediate help.
 ...                                              
                                                  
l.430 \caption
              {Login di un utente} \\
You're in trouble here.  Try typing  <return>  to proceed.
If that doesn't work, type  X <return>  to quit.

<sDiagrams/modificaAbilita.jpg, id=71, 632.3625pt x 461.725pt>
File: sDiagrams/modificaAbilita.jpg Graphic file (type jpg)

<use sDiagrams/modificaAbilita.jpg>
Package pdftex.def Info: sDiagrams/modificaAbilita.jpg used on input line 432.
(pdftex.def)             Requested size: 474.27072pt x 346.29291pt.


! LaTeX Error: \caption outside float.

See the LaTeX manual or LaTeX Companion for explanation.
Type  H <return>  for immediate help.
 ...                                              
                                                  
l.433 \caption
              {Modifica del set di abilit√†} \\
You're in trouble here.  Try typing  <return>  to proceed.
If that doesn't work, type  X <return>  to quit.

[19

 <C:/Users/Gabri/workspace/SWIMv2/resources/RASD/sDiagrams/login.jpg> <C:/Users
/Gabri/workspace/SWIMv2/resources/RASD/sDiagrams/modificaAbilita.jpg>]
<sDiagrams/richiestaAmicizia.jpg, id=76, 652.4375pt x 331.2375pt>
File: sDiagrams/richiestaAmicizia.jpg Graphic file (type jpg)

<use sDiagrams/richiestaAmicizia.jpg>
Package pdftex.def Info: sDiagrams/richiestaAmicizia.jpg used on input line 435
.
(pdftex.def)             Requested size: 489.32692pt x 248.4275pt.

Overfull \hbox (5.63005pt too wide) in paragraph at lines 435--435
 [][] 
 []


! LaTeX Error: \caption outside float.

See the LaTeX manual or LaTeX Companion for explanation.
Type  H <return>  for immediate help.
 ...                                              
                                                  
l.436 \caption
              {Invio di una richiesta di amicizia} \\
You're in trouble here.  Try typing  <return>  to proceed.
If that doesn't work, type  X <return>  to quit.

<sDiagrams/creazioneThread.jpg, id=77, 632.3625pt x 471.7625pt>
File: sDiagrams/creazioneThread.jpg Graphic file (type jpg)

<use sDiagrams/creazioneThread.jpg>
Package pdftex.def Info: sDiagrams/creazioneThread.jpg used on input line 438.
(pdftex.def)             Requested size: 474.27072pt x 353.821pt.


! LaTeX Error: \caption outside float.

See the LaTeX manual or LaTeX Companion for explanation.
Type  H <return>  for immediate help.
 ...                                              
                                                  
l.439 \caption
              {Invio di un nuovo messaggio sulla bacheca pubblica} \\
You're in trouble here.  Try typing  <return>  to proceed.
If that doesn't work, type  X <return>  to quit.

[20

 <C:/Users/Gabri/workspace/SWIMv2/resources/RASD/sDiagrams/richiestaAmicizia.jp
g> <C:/Users/Gabri/workspace/SWIMv2/resources/RASD/sDiagrams/creazioneThread.jp
g>] <sDiagrams/ricercaUtenti.jpg, id=81, 632.3625pt x 421.575pt>
File: sDiagrams/ricercaUtenti.jpg Graphic file (type jpg)

<use sDiagrams/ricercaUtenti.jpg>
Package pdftex.def Info: sDiagrams/ricercaUtenti.jpg used on input line 441.
(pdftex.def)             Requested size: 474.27072pt x 316.18047pt.


! LaTeX Error: \caption outside float.

See the LaTeX manual or LaTeX Companion for explanation.
Type  H <return>  for immediate help.
 ...                                              
                                                  
l.442 \caption
              {Ricerca di un utente} \\
You're in trouble here.  Try typing  <return>  to proceed.
If that doesn't work, type  X <return>  to quit.

<sDiagrams/invioMessaggio.jpg, id=82, 652.4375pt x 491.8375pt>
File: sDiagrams/invioMessaggio.jpg Graphic file (type jpg)

<use sDiagrams/invioMessaggio.jpg>
Package pdftex.def Info: sDiagrams/invioMessaggio.jpg used on input line 444.
(pdftex.def)             Requested size: 489.32692pt x 368.87721pt.

Overfull \hbox (5.63005pt too wide) in paragraph at lines 444--444
 [][] 
 []


! LaTeX Error: \caption outside float.

See the LaTeX manual or LaTeX Companion for explanation.
Type  H <return>  for immediate help.
 ...                                              
                                                  
l.445 \caption
              {Invio di un messaggio privato} \\
You're in trouble here.  Try typing  <return>  to proceed.
If that doesn't work, type  X <return>  to quit.

[21

 <C:/Users/Gabri/workspace/SWIMv2/resources/RASD/sDiagrams/ricercaUtenti.jpg> <
C:/Users/Gabri/workspace/SWIMv2/resources/RASD/sDiagrams/invioMessaggio.jpg>] <
sDiagrams/invioFeedback.jpg, id=86, 652.4375pt x 471.7625pt>
File: sDiagrams/invioFeedback.jpg Graphic file (type jpg)

<use sDiagrams/invioFeedback.jpg>
Package pdftex.def Info: sDiagrams/invioFeedback.jpg used on input line 447.
(pdftex.def)             Requested size: 489.32692pt x 353.821pt.

Overfull \hbox (5.63005pt too wide) in paragraph at lines 447--447
 [][] 
 []


! LaTeX Error: \caption outside float.

See the LaTeX manual or LaTeX Companion for explanation.
Type  H <return>  for immediate help.
 ...                                              
                                                  
l.448 \caption
              {Invio di un feedback} \\
You're in trouble here.  Try typing  <return>  to proceed.
If that doesn't work, type  X <return>  to quit.

<sDiagrams/cancellazioneAccount.jpg, id=87, 702.625pt x 461.725pt>
File: sDiagrams/cancellazioneAccount.jpg Graphic file (type jpg)

<use sDiagrams/cancellazioneAccount.jpg>
Package pdftex.def Info: sDiagrams/cancellazioneAccount.jpg used on input line 
450.
(pdftex.def)             Requested size: 526.96745pt x 346.29291pt.

Overfull \hbox (43.27058pt too wide) in paragraph at lines 450--450
 [][] 
 []


! LaTeX Error: \caption outside float.

See the LaTeX manual or LaTeX Companion for explanation.
Type  H <return>  for immediate help.
 ...                                              
                                                  
l.451 \caption
              {Cancellazione dell'account} \\
You're in trouble here.  Try typing  <return>  to proceed.
If that doesn't work, type  X <return>  to quit.

[22

 <C:/Users/Gabri/workspace/SWIMv2/resources/RASD/sDiagrams/invioFeedback.jpg> <
C:/Users/Gabri/workspace/SWIMv2/resources/RASD/sDiagrams/cancellazioneAccount.j
pg>]
Underfull \hbox (badness 10000) in paragraph at lines 455--457

 []

<statechart/invioFeedback.jpg, id=91, 160.6pt x 451.6875pt>
File: statechart/invioFeedback.jpg Graphic file (type jpg)

<use statechart/invioFeedback.jpg>
Package pdftex.def Info: statechart/invioFeedback.jpg used on input line 458.
(pdftex.def)             Requested size: 120.44969pt x 338.76479pt.
 [23

 <C:/Users/Gabri/workspace/SWIMv2/resources/RASD/statechart/invioFeedback.jpg>]

Underfull \hbox (badness 10000) in paragraph at lines 461--462

 []

<statechart/InvioRispostaMessaggio.jpg, id=95, 160.6pt x 451.6875pt>
File: statechart/InvioRispostaMessaggio.jpg Graphic file (type jpg)

<use statechart/InvioRispostaMessaggio.jpg>
Package pdftex.def Info: statechart/InvioRispostaMessaggio.jpg used on input li
ne 463.
(pdftex.def)             Requested size: 120.44969pt x 338.76479pt.
 [24

 <C:/Users/Gabri/workspace/SWIMv2/resources/RASD/statechart/InvioRispostaMessag
gio.jpg>]
<signatures.png, id=99, 454.69875pt x 423.5825pt>
File: signatures.png Graphic file (type png)
 <use signatures.png>
Package pdftex.def Info: signatures.png used on input line 468.
(pdftex.def)             Requested size: 272.82135pt x 254.15146pt.

<facts.png, id=100, 855.195pt x 299.1175pt>
File: facts.png Graphic file (type png)
 <use facts.png>
Package pdftex.def Info: facts.png used on input line 470.
(pdftex.def)             Requested size: 513.12097pt x 179.47188pt.

Overfull \hbox (29.4241pt too wide) in paragraph at lines 470--471
[] 
 []


Underfull \hbox (badness 10000) in paragraph at lines 470--471

 []

[25

 <C:/Users/Gabri/workspace/SWIMv2/resources/RASD/signatures.png> <C:/Users/Gabr
i/workspace/SWIMv2/resources/RASD/facts.png>] [26

]
(C:\Users\Gabri\workspace\SWIMv2\resources\RASD\RASD.aux)

LaTeX Font Warning: Some font shapes were not available, defaults substituted.

 ) 
Here is how much of TeX's memory you used:
 4660 strings out of 494045
 65113 string characters out of 3148386
 147992 words of memory out of 3000000
 7842 multiletter control sequences out of 15000+200000
 61014 words of font info for 44 fonts, out of 3000000 for 9000
 715 hyphenation exceptions out of 8191
 36i,11n,47p,905b,482s stack positions out of 5000i,500n,10000p,200000b,50000s
{C:/Program Files/MiKTeX 2.9/fonts/enc/dvips/lm/lm-ec.enc}<C:/Program Files/M
iKTeX 2.9/fonts/type1/public/amsfonts/cm/cmsy10.pfb><C:/Program Files/MiKTeX 2.
9/fonts/type1/public/lm/lmr12.pfb><C:/Program Files/MiKTeX 2.9/fonts/type1/publ
ic/lm/lmss12.pfb><C:/Program Files/MiKTeX 2.9/fonts/type1/public/lm/lmss17.pfb>
<C:/Program Files/MiKTeX 2.9/fonts/type1/public/lm/lmssbo10.pfb><C:/Program Fil
es/MiKTeX 2.9/fonts/type1/public/lm/lmssbx10.pfb><C:/Program Files/MiKTeX 2.9/f
onts/type1/public/lm/lmsso12.pfb>
Output written on RASD.pdf (26 pages, 612874 bytes).
PDF statistics:
 132 PDF objects out of 1000 (max. 8388607)
 0 named destinations out of 1000 (max. 500000)
 76 words of extra memory for PDF output out of 10000 (max. 10000000)

