\BOOKMARK [1][-]{section.1}{Generali}{}% 1
\BOOKMARK [2][-]{subsection.1.1}{Breve Panoramica del sistema}{section.1}% 2
\BOOKMARK [2][-]{subsection.1.2}{Scopo di questo documento}{section.1}% 3
\BOOKMARK [2][-]{subsection.1.3}{Assunzioni e rettifiche}{section.1}% 4
\BOOKMARK [2][-]{subsection.1.4}{Glossario}{section.1}% 5
\BOOKMARK [1][-]{section.2}{Software impiegato per il documento e per il sistema}{}% 6
\BOOKMARK [1][-]{section.3}{Architettura del sistema}{}% 7
\BOOKMARK [1][-]{section.4}{Scomposizione in sottosistemi}{}% 8
\BOOKMARK [1][-]{section.5}{Gestione del Database}{}% 9
\BOOKMARK [2][-]{subsection.5.1}{Diagramma E-R}{section.5}% 10
\BOOKMARK [3][-]{subsubsection.5.1.1}{Entit\341}{subsection.5.1}% 11
\BOOKMARK [3][-]{subsubsection.5.1.2}{Relazioni}{subsection.5.1}% 12
\BOOKMARK [2][-]{subsection.5.2}{Progetto Logico}{section.5}% 13
\BOOKMARK [3][-]{subsubsection.5.2.1}{Aggiustamenti all'E-R}{subsection.5.2}% 14
\BOOKMARK [3][-]{subsubsection.5.2.2}{Tabelle risultanti}{subsection.5.2}% 15
\BOOKMARK [2][-]{subsection.5.3}{Vista Logica}{section.5}% 16
\BOOKMARK [1][-]{section.6}{Design}{}% 17
\BOOKMARK [2][-]{subsection.6.1}{UXDiagram}{section.6}% 18
\BOOKMARK [3][-]{subsubsection.6.1.1}{UX per un ospite}{subsection.6.1}% 19
\BOOKMARK [3][-]{subsubsection.6.1.2}{UX per un utente registrato}{subsection.6.1}% 20
\BOOKMARK [3][-]{subsubsection.6.1.3}{UX per un amministratore}{subsection.6.1}% 21
